<?xml version="1.0" encoding="UTF-8"?>
<!-- Generated by org.testng.reporters.JUnitXMLReporter -->
<testsuite ignored="0" hostname="DESKTOP-IP7TE20" failures="0" tests="4" name="Default test" time="208.654" errors="0" timestamp="2024-11-25T14:13:29 IST">
  <testcase classname="selfPractice.Data_Driven_Testing" name="testWebsite" time="83.219"/>
  <testcase classname="selfPractice.Data_Driven_Testing" name="testWebsite" time="38.99"/>
  <testcase classname="selfPractice.Data_Driven_Testing" name="testWebsite" time="40.737"/>
  <testcase classname="selfPractice.Data_Driven_Testing" name="testWebsite" time="43.691"/>
</testsuite> <!-- Default test -->
