<?xml version="1.0" encoding="UTF-8"?>
<testng-results ignored="0" total="4" passed="4" failed="0" skipped="0">
  <reporter-output>
  </reporter-output>
  <suite started-at="2024-11-25T14:10:00 IST" name="Default suite" finished-at="2024-11-25T14:13:28 IST" duration-ms="208654">
    <groups>
    </groups>
    <test started-at="2024-11-25T14:10:00 IST" name="Default test" finished-at="2024-11-25T14:13:28 IST" duration-ms="208654">
      <class name="selfPractice.Data_Driven_Testing">
        <test-method signature="testWebsite(java.lang.String,java.lang.String)[pri:0, instance:selfPractice.Data_Driven_Testing@402bba4f]" started-at="2024-11-25T14:10:02 IST" name="testWebsite" data-provider="dataread1" finished-at="2024-11-25T14:11:25 IST" duration-ms="83219" status="PASS">
          <params>
            <param index="0">
              <value>
                <![CDATA[Admin]]>
              </value>
            </param>
            <param index="1">
              <value>
                <![CDATA[admin123]]>
              </value>
            </param>
          </params>
          <reporter-output>
          </reporter-output>
        </test-method> <!-- testWebsite -->
        <test-method signature="testWebsite(java.lang.String,java.lang.String)[pri:0, instance:selfPractice.Data_Driven_Testing@402bba4f]" started-at="2024-11-25T14:11:25 IST" name="testWebsite" data-provider="dataread1" finished-at="2024-11-25T14:12:04 IST" duration-ms="38990" status="PASS">
          <params>
            <param index="0">
              <value>
                <![CDATA[wronguser]]>
              </value>
            </param>
            <param index="1">
              <value>
                <![CDATA[admin123]]>
              </value>
            </param>
          </params>
          <reporter-output>
          </reporter-output>
        </test-method> <!-- testWebsite -->
        <test-method signature="testWebsite(java.lang.String,java.lang.String)[pri:0, instance:selfPractice.Data_Driven_Testing@402bba4f]" started-at="2024-11-25T14:12:04 IST" name="testWebsite" data-provider="dataread1" finished-at="2024-11-25T14:12:45 IST" duration-ms="40737" status="PASS">
          <params>
            <param index="0">
              <value>
                <![CDATA[Admin]]>
              </value>
            </param>
            <param index="1">
              <value>
                <![CDATA[wrongpass]]>
              </value>
            </param>
          </params>
          <reporter-output>
          </reporter-output>
        </test-method> <!-- testWebsite -->
        <test-method signature="testWebsite(java.lang.String,java.lang.String)[pri:0, instance:selfPractice.Data_Driven_Testing@402bba4f]" started-at="2024-11-25T14:12:45 IST" name="testWebsite" data-provider="dataread1" finished-at="2024-11-25T14:13:28 IST" duration-ms="43691" status="PASS">
          <params>
            <param index="0">
              <value>
                <![CDATA[wronguser]]>
              </value>
            </param>
            <param index="1">
              <value>
                <![CDATA[wrongpass]]>
              </value>
            </param>
          </params>
          <reporter-output>
          </reporter-output>
        </test-method> <!-- testWebsite -->
      </class> <!-- selfPractice.Data_Driven_Testing -->
    </test> <!-- Default test -->
  </suite> <!-- Default suite -->
</testng-results>
