<?xml version="1.0" encoding="UTF-8"?>
<!-- Generated by org.testng.reporters.JUnitXMLReporter -->
<testsuite ignored="0" hostname="DESKTOP-IP7TE20" failures="0" tests="4" name="day43" time="0.161" errors="0" timestamp="2024-11-13T17:35:46 IST">
  <testcase classname="day43.AnnotationsDemo1" name="search" time="0.015"/>
  <testcase classname="day43.AnnotationsDemo1" name="Adsearch" time="0.014"/>
  <testcase classname="day43.AnnotationsDemo2" name="search" time="0.009"/>
  <testcase classname="day43.AnnotationsDemo2" name="Adsearch" time="0.009"/>
</testsuite> <!-- day43 -->
