<?xml version="1.0" encoding="UTF-8"?>
<!-- Generated by org.testng.reporters.JUnitXMLReporter -->
<testsuite ignored="6" hostname="DESKTOP-IP7TE20" failures="0" tests="2" name="Test" time="0.118" errors="0" timestamp="2024-11-13T18:28:01 IST">
  <testcase classname="day44.PaymentinDollars" name="paymentinRupees" time="0.024"/>
  <testcase classname="day44.PaymentinDollars" name="paymentinDollar" time="0.006"/>
  <testcase classname="day44.SignUp" name="signUpByByTwitter" time="0.0">
    <ignored/>
  </testcase> <!-- signUpByByTwitter -->
  <testcase classname="day44.LoginTest" name="loginByFacebook" time="0.0">
    <ignored/>
  </testcase> <!-- loginByFacebook -->
  <testcase classname="day44.SignUp" name="signUpByByEmail" time="0.0">
    <ignored/>
  </testcase> <!-- signUpByByEmail -->
  <testcase classname="day44.SignUp" name="signUpByFacebook" time="0.0">
    <ignored/>
  </testcase> <!-- signUpByFacebook -->
  <testcase classname="day44.LoginTest" name="loginByEmail" time="0.0">
    <ignored/>
  </testcase> <!-- loginByEmail -->
  <testcase classname="day44.LoginTest" name="loginByTwitter" time="0.0">
    <ignored/>
  </testcase> <!-- loginByTwitter -->
</testsuite> <!-- Test -->
